<?xml version="1.0" encoding="UTF-8" ?>
<testsuite failures="0" time="6.442" errors="0" skipped="0" tests="3" name="com.javiermoreno.aws.demo.s3.S3Test">
  <properties>
    <property name="java.runtime.name" value="Java(TM) SE Runtime Environment"/>
    <property name="sun.boot.library.path" value="C:\Program Files\Java\jdk1.7.0_25\jre\bin"/>
    <property name="java.vm.version" value="23.25-b01"/>
    <property name="java.vm.vendor" value="Oracle Corporation"/>
    <property name="java.vendor.url" value="http://java.oracle.com/"/>
    <property name="path.separator" value=";"/>
    <property name="guice.disable.misplaced.annotation.check" value="true"/>
    <property name="java.vm.name" value="Java HotSpot(TM) 64-Bit Server VM"/>
    <property name="file.encoding.pkg" value="sun.io"/>
    <property name="user.script" value=""/>
    <property name="user.country" value="ES"/>
    <property name="sun.java.launcher" value="SUN_STANDARD"/>
    <property name="sun.os.patch.level" value="Service Pack 1"/>
    <property name="test" value="com.javiermoreno.aws.demo.s3.S3Test"/>
    <property name="java.vm.specification.name" value="Java Virtual Machine Specification"/>
    <property name="user.dir" value="C:\Users\ciberado\Documents\NetBeansProjects\mediaclouder\AWS01_HelloWorld"/>
    <property name="java.runtime.version" value="1.7.0_25-b16"/>
    <property name="java.awt.graphicsenv" value="sun.awt.Win32GraphicsEnvironment"/>
    <property name="java.endorsed.dirs" value="C:\Program Files\Java\jdk1.7.0_25\jre\lib\endorsed"/>
    <property name="os.arch" value="amd64"/>
    <property name="java.io.tmpdir" value="C:\Users\ciberado\AppData\Local\Temp\"/>
    <property name="line.separator" value="
"/>
    <property name="java.vm.specification.vendor" value="Oracle Corporation"/>
    <property name="user.variant" value=""/>
    <property name="os.name" value="Windows 7"/>
    <property name="maven.ext.class.path" value="C:\Program Files\NetBeans7_4_beta\java\maven-nblib\netbeans-eventspy.jar"/>
    <property name="classworlds.conf" value="C:\Program Files\NetBeans7_4_beta\java\maven\bin\m2.conf"/>
    <property name="netbeansProjectMappings" value=""/>
    <property name="sun.jnu.encoding" value="Cp1252"/>
    <property name="java.library.path" value="C:\Program Files\Java\jdk1.7.0_25\bin;C:\Windows\Sun\Java\bin;C:\Windows\system32;C:\Windows;C:\Windows\System32\Wbem;C:\cygwin64\bin;C:\Users\ciberado\Programas\adt-bundle-windows-x86-20130522\sdk\tools;C:\Users\ciberado\Programas\apache-ant-1.9.1\bin;C:\Users\ciberado\AppData\Roaming\npm;;c:\Users\ciberado\Programas\python27\Scripts;C:\Users\ciberado\Programas\ec2-api-tools-1.6.8.1\bin;C:\Program Files (x86)\OpenVPN\bin;C:\cygwin64\bin;C:\Users\ciberado\Programas\apache-ant-1.9.1\bin;c:\Users\ciberado\Programas\python27\Scripts;C:\Users\ciberado\Programas\ec2-api-tools-1.6.8.1\bin;c:\progra~1\java\jdk1.7.0_25\bin;C:\cygwin64\bin;C:\Users\ciberado\Programas\adt-bundle-windows-x86-20130522\sdk\platform-tools;C:\Users\ciberado\Programas\apache-ant-1.9.1\bin;C:\Users\ciberado\AppData\Roaming\npm;c:\Users\ciberado\Programas\python27\Scripts;C:\Users\ciberado\Programas\ec2-api-tools-1.6.8.1\bin;."/>
    <property name="java.specification.name" value="Java Platform API Specification"/>
    <property name="java.class.version" value="51.0"/>
    <property name="sun.management.compiler" value="HotSpot 64-Bit Tiered Compilers"/>
    <property name="os.version" value="6.1"/>
    <property name="user.home" value="C:\Users\ciberado"/>
    <property name="user.timezone" value="Europe/Paris"/>
    <property name="java.awt.printerjob" value="sun.awt.windows.WPrinterJob"/>
    <property name="java.specification.version" value="1.7"/>
    <property name="file.encoding" value="Cp1252"/>
    <property name="user.name" value="ciberado"/>
    <property name="java.class.path" value="C:\Program Files\NetBeans7_4_beta\java\maven\boot\plexus-classworlds-2.4.jar"/>
    <property name="java.vm.specification.version" value="1.7"/>
    <property name="sun.arch.data.model" value="64"/>
    <property name="java.home" value="C:\Program Files\Java\jdk1.7.0_25\jre"/>
    <property name="sun.java.command" value="org.codehaus.plexus.classworlds.launcher.Launcher -Dtest=com.javiermoreno.aws.demo.s3.S3Test -DnetbeansProjectMappings= -Dmaven.ext.class.path=C:\Program Files\NetBeans7_4_beta\java\maven-nblib\netbeans-eventspy.jar surefire:test"/>
    <property name="java.specification.vendor" value="Oracle Corporation"/>
    <property name="user.language" value="es"/>
    <property name="awt.toolkit" value="sun.awt.windows.WToolkit"/>
    <property name="java.vm.info" value="mixed mode"/>
    <property name="java.version" value="1.7.0_25"/>
    <property name="java.ext.dirs" value="C:\Program Files\Java\jdk1.7.0_25\jre\lib\ext;C:\Windows\Sun\Java\lib\ext"/>
    <property name="sun.boot.class.path" value="C:\Program Files\Java\jdk1.7.0_25\jre\lib\resources.jar;C:\Program Files\Java\jdk1.7.0_25\jre\lib\rt.jar;C:\Program Files\Java\jdk1.7.0_25\jre\lib\sunrsasign.jar;C:\Program Files\Java\jdk1.7.0_25\jre\lib\jsse.jar;C:\Program Files\Java\jdk1.7.0_25\jre\lib\jce.jar;C:\Program Files\Java\jdk1.7.0_25\jre\lib\charsets.jar;C:\Program Files\Java\jdk1.7.0_25\jre\lib\jfr.jar;C:\Program Files\Java\jdk1.7.0_25\jre\classes"/>
    <property name="java.vendor" value="Oracle Corporation"/>
    <property name="maven.home" value="C:\Program Files\NetBeans7_4_beta\java\maven"/>
    <property name="file.separator" value="\"/>
    <property name="java.vendor.url.bug" value="http://bugreport.sun.com/bugreport/"/>
    <property name="sun.cpu.endian" value="little"/>
    <property name="sun.io.unicode.encoding" value="UnicodeLittle"/>
    <property name="sun.desktop" value="windows"/>
    <property name="sun.cpu.isalist" value="amd64"/>
  </properties>
  <testcase time="2.771" classname="com.javiermoreno.aws.demo.s3.S3Test" name="checkListBuckets"/>
  <testcase time="2.496" classname="com.javiermoreno.aws.demo.s3.S3Test" name="checkUploadObject"/>
  <testcase time="1.046" classname="com.javiermoreno.aws.demo.s3.S3Test" name="checkListObjects"/>
</testsuite>